

Microchip MPLAB XC8 Assembler V2.32 build 20210201212658 
                                                                                               Mon Jan 31 19:54:58 2022

Microchip MPLAB XC8 C Compiler v2.32 (Free license) build 20210201212658 Og1 
     1                           	processor	18F25K80
     2                           	fnconf	rparam,??,?,0
     3                           	pagewidth 120
     4                           	opt	flic
     5                           	psect	nvCOMRAM,global,class=COMRAM,space=1,delta=1,lowdata,noexec
     6                           	psect	cinit,global,reloc=2,class=CODE,delta=1
     7                           	psect	bssCOMRAM,global,class=COMRAM,space=1,delta=1,lowdata,noexec
     8                           	psect	cstackCOMRAM,global,class=COMRAM,space=1,delta=1,lowdata,noexec
     9                           	psect	text0,global,reloc=2,class=CODE,delta=1
    10                           	psect	text1,global,reloc=2,class=CODE,delta=1
    11                           	psect	text2,global,reloc=2,class=CODE,delta=1
    12                           	psect	text3,global,reloc=2,class=CODE,delta=1
    13                           	psect	text4,global,reloc=2,class=CODE,delta=1
    14                           	psect	text5,global,reloc=2,class=CODE,delta=1
    15                           	psect	text6,global,reloc=2,class=CODE,delta=1
    16                           	psect	text7,global,reloc=2,class=CODE,delta=1
    17                           	psect	intsave_regs,global,class=BIGRAM,space=1,delta=1,noexec
    18                           	psect	rparam,global,class=COMRAM,space=1,delta=1,noexec
    19                           	psect	idloc,global,abs,ovrld,class=IDLOC,space=5,delta=1,noexec
    20                           	psect	config,global,abs,ovrld,class=CONFIG,space=4,delta=1,noexec
    21  0000                     
    22                           ; Version 2.20
    23                           ; Generated 05/05/2020 GMT
    24                           ; 
    25                           ; Copyright © 2020, Microchip Technology Inc. and its subsidiaries ("Microchip")
    26                           ; All rights reserved.
    27                           ; 
    28                           ; This software is developed by Microchip Technology Inc. and its subsidiaries ("Microch
      +                          ip").
    29                           ; 
    30                           ; Redistribution and use in source and binary forms, with or without modification, are
    31                           ; permitted provided that the following conditions are met:
    32                           ; 
    33                           ;     1. Redistributions of source code must retain the above copyright notice, this lis
      +                          t of
    34                           ;        conditions and the following disclaimer.
    35                           ; 
    36                           ;     2. Redistributions in binary form must reproduce the above copyright notice, this 
      +                          list
    37                           ;        of conditions and the following disclaimer in the documentation and/or other
    38                           ;        materials provided with the distribution.
    39                           ; 
    40                           ;     3. Microchip's name may not be used to endorse or promote products derived from th
      +                          is
    41                           ;        software without specific prior written permission.
    42                           ; 
    43                           ; THIS SOFTWARE IS PROVIDED BY MICROCHIP "AS IS" AND ANY EXPRESS OR IMPLIED WARRANTIES,
    44                           ; INCLUDING, BUT NOT LIMITED TO, THE IMPLIED WARRANTIES OF MERCHANTABILITY AND FITNESS F
      +                          OR
    45                           ; PURPOSE ARE DISCLAIMED.  IN NO EVENT SHALL MICROCHIP BE LIABLE FOR ANY DIRECT, INDIREC
      +                          T,
    46                           ; INCIDENTAL, SPECIAL, EXEMPLARY, OR CONSEQUENTIAL DAMAGES (INCLUDING BUT NOT LIMITED TO
    47                           ; PROCUREMENT OF SUBSTITUTE GOODS OR SERVICES; LOSS OF USE, DATA OR PROFITS; OR BUSINESS
    48                           ; INTERRUPTION) HOWSOEVER CAUSED AND ON ANY THEORY OF LIABILITY, WHETHER IN CONTRACT, ST
      +                          RICT
    49                           ; LIABILITY, OR TORT (INCLUDING NEGLIGENCE OR OTHERWISE) ARISING IN ANY WAY OUT OF THE U
      +                          SE OF
    50                           ; THIS SOFTWARE, EVEN IF ADVISED OF THE POSSIBILITY OF SUCH DAMAGE.
    51                           ; 
    52                           ; 
    53                           ; Code-generator required, PIC18F25K80 Definitions
    54                           ; 
    55                           ; SFR Addresses
    56  0000                     
    57 ;; Function _EUSART1_DefaultFramingErrorHandler is unused but had its address taken
    58  0000                     
    59 ;; Function _EUSART1_DefaultOverrunErrorHandler is unused but had its address taken
    60  0000                     
    61 ;; Function _EUSART1_DefaultErrorHandler is unused but had its address taken
    62  0000                     
    63                           	psect	nvCOMRAM
    64  000001                     __pnvCOMRAM:
    65                           	callstack 0
    66  000001                     _EUSART1_ErrorHandler:
    67                           	callstack 0
    68  000001                     	ds	2
    69  000003                     _EUSART1_OverrunErrorHandler:
    70                           	callstack 0
    71  000003                     	ds	2
    72  000005                     _EUSART1_FramingErrorHandler:
    73                           	callstack 0
    74  000005                     	ds	2
    75  0000                     _WPUB	set	3931
    76  0000                     _ANCON1	set	3932
    77  0000                     _ANCON0	set	3933
    78  0000                     _PORTBbits	set	3969
    79  0000                     _LATCbits	set	3979
    80  0000                     _LATBbits	set	3978
    81  0000                     _LATAbits	set	3977
    82  0000                     _REFOCON	set	3994
    83  0000                     _OSCTUNE	set	3995
    84  0000                     _OSCCON2	set	4050
    85  0000                     _OSCCON	set	4051
    86  0000                     _TXREG1	set	4013
    87  0000                     _RCREG1	set	4014
    88  0000                     _RCSTA1bits	set	4011
    89  0000                     _TXSTA1bits	set	4012
    90  0000                     _PIR1bits	set	3998
    91  0000                     _SPBRGH1	set	3965
    92  0000                     _SPBRG1	set	4015
    93  0000                     _TXSTA1	set	4012
    94  0000                     _RCSTA1	set	4011
    95  0000                     _BAUDCON1	set	4007
    96  0000                     _INTCONbits	set	4082
    97  0000                     _INTCON2bits	set	4081
    98  0000                     _TRISC	set	3988
    99  0000                     _TRISB	set	3987
   100  0000                     _TRISA	set	3986
   101  0000                     _LATC	set	3979
   102  0000                     _LATB	set	3978
   103  0000                     _LATA	set	3977
   104                           
   105                           ; #config settings
   106                           
   107                           	psect	cinit
   108  007F6E                     __pcinit:
   109                           	callstack 0
   110  007F6E                     start_initialization:
   111                           	callstack 0
   112  007F6E                     __initialization:
   113                           	callstack 0
   114                           
   115                           ; Clear objects allocated to COMRAM (1 bytes)
   116  007F6E  6A09               	clrf	__pbssCOMRAM& (0+255),c
   117  007F70                     end_of_initialization:
   118                           	callstack 0
   119  007F70                     __end_of__initialization:
   120                           	callstack 0
   121  007F70  0E00               	movlw	low (__Lmediumconst shr (0+16))
   122  007F72  6EF8               	movwf	tblptru,c
   123  007F74  0100               	movlb	0
   124  007F76  EFB1  F03F         	goto	_main	;jump to C main() function
   125                           
   126                           	psect	bssCOMRAM
   127  000009                     __pbssCOMRAM:
   128                           	callstack 0
   129  000009                     _eusart1RxLastError:
   130                           	callstack 0
   131  000009                     	ds	1
   132                           
   133                           	psect	cstackCOMRAM
   134  000007                     __pcstackCOMRAM:
   135                           	callstack 0
   136  000007                     EUSART1_SetFramingErrorHandler@interruptHandler:
   137                           	callstack 0
   138  000007                     EUSART1_SetOverrunErrorHandler@interruptHandler:
   139                           	callstack 0
   140  000007                     EUSART1_SetErrorHandler@interruptHandler:
   141                           	callstack 0
   142                           
   143                           ; 2 bytes @ 0x0
   144  000007                     	ds	2
   145  000009                     
   146                           ; 1 bytes @ 0x2
   147 ;;
   148 ;;Main: autosize = 0, tempsize = 0, incstack = 0, save=0
   149 ;;
   150 ;; *************** function _main *****************
   151 ;; Defined at:
   152 ;;		line 21 in file "main.c"
   153 ;; Parameters:    Size  Location     Type
   154 ;;		None
   155 ;; Auto vars:     Size  Location     Type
   156 ;;		None
   157 ;; Return value:  Size  Location     Type
   158 ;;                  1    wreg      void 
   159 ;; Registers used:
   160 ;;		wreg, status,2, status,0, cstack
   161 ;; Tracked objects:
   162 ;;		On entry : 0/0
   163 ;;		On exit  : 0/0
   164 ;;		Unchanged: 0/0
   165 ;; Data sizes:     COMRAM   BANK0   BANK1   BANK2   BANK3   BANK4   BANK5   BANK6   BANK7   BANK8   BANK9  BANK10  BANK1
      +1  BANK12  BANK13  BANK14
   166 ;;      Params:         0       0       0       0       0       0       0       0       0       0       0       0       
      +0       0       0       0
   167 ;;      Locals:         0       0       0       0       0       0       0       0       0       0       0       0       
      +0       0       0       0
   168 ;;      Temps:          0       0       0       0       0       0       0       0       0       0       0       0       
      +0       0       0       0
   169 ;;      Totals:         0       0       0       0       0       0       0       0       0       0       0       0       
      +0       0       0       0
   170 ;;Total ram usage:        0 bytes
   171 ;; Hardware stack levels required when called: 3
   172 ;; This function calls:
   173 ;;		_SYSTEM_Initialize
   174 ;; This function is called by:
   175 ;;		Startup code after reset
   176 ;; This function uses a non-reentrant model
   177 ;;
   178                           
   179                           	psect	text0
   180  007F62                     __ptext0:
   181                           	callstack 0
   182  007F62                     _main:
   183                           	callstack 28
   184  007F62                     
   185                           ;main.c: 23:      SYSTEM_Initialize();
   186  007F62  ECBD  F03F         	call	_SYSTEM_Initialize	;wreg free
   187  007F66                     l143:
   188  007F66  EFB3  F03F         	goto	l143
   189  007F6A  EF00  F000         	goto	start
   190  007F6E                     __end_of_main:
   191                           	callstack 0
   192                           
   193 ;; *************** function _SYSTEM_Initialize *****************
   194 ;; Defined at:
   195 ;;		line 50 in file "mcc_generated_files/mcc.c"
   196 ;; Parameters:    Size  Location     Type
   197 ;;		None
   198 ;; Auto vars:     Size  Location     Type
   199 ;;		None
   200 ;; Return value:  Size  Location     Type
   201 ;;                  1    wreg      void 
   202 ;; Registers used:
   203 ;;		wreg, status,2, status,0, cstack
   204 ;; Tracked objects:
   205 ;;		On entry : 0/0
   206 ;;		On exit  : 0/0
   207 ;;		Unchanged: 0/0
   208 ;; Data sizes:     COMRAM   BANK0   BANK1   BANK2   BANK3   BANK4   BANK5   BANK6   BANK7   BANK8   BANK9  BANK10  BANK1
      +1  BANK12  BANK13  BANK14
   209 ;;      Params:         0       0       0       0       0       0       0       0       0       0       0       0       
      +0       0       0       0
   210 ;;      Locals:         0       0       0       0       0       0       0       0       0       0       0       0       
      +0       0       0       0
   211 ;;      Temps:          0       0       0       0       0       0       0       0       0       0       0       0       
      +0       0       0       0
   212 ;;      Totals:         0       0       0       0       0       0       0       0       0       0       0       0       
      +0       0       0       0
   213 ;;Total ram usage:        0 bytes
   214 ;; Hardware stack levels used: 1
   215 ;; Hardware stack levels required when called: 2
   216 ;; This function calls:
   217 ;;		_EUSART1_Initialize
   218 ;;		_OSCILLATOR_Initialize
   219 ;;		_PIN_MANAGER_Initialize
   220 ;; This function is called by:
   221 ;;		_main
   222 ;; This function uses a non-reentrant model
   223 ;;
   224                           
   225                           	psect	text1
   226  007F7A                     __ptext1:
   227                           	callstack 0
   228  007F7A                     _SYSTEM_Initialize:
   229                           	callstack 28
   230  007F7A                     
   231                           ;mcc_generated_files/mcc.c: 53:     PIN_MANAGER_Initialize();
   232  007F7A  ECCD  F03F         	call	_PIN_MANAGER_Initialize	;wreg free
   233                           
   234                           ;mcc_generated_files/mcc.c: 54:     OSCILLATOR_Initialize();
   235  007F7E  ECC4  F03F         	call	_OSCILLATOR_Initialize	;wreg free
   236  007F82                     
   237                           ;mcc_generated_files/mcc.c: 55:     EUSART1_Initialize();
   238  007F82  ECE1  F03F         	call	_EUSART1_Initialize	;wreg free
   239  007F86  0012               	return		;funcret
   240  007F88                     __end_of_SYSTEM_Initialize:
   241                           	callstack 0
   242                           
   243 ;; *************** function _PIN_MANAGER_Initialize *****************
   244 ;; Defined at:
   245 ;;		line 55 in file "mcc_generated_files/pin_manager.c"
   246 ;; Parameters:    Size  Location     Type
   247 ;;		None
   248 ;; Auto vars:     Size  Location     Type
   249 ;;		None
   250 ;; Return value:  Size  Location     Type
   251 ;;                  1    wreg      void 
   252 ;; Registers used:
   253 ;;		wreg, status,2
   254 ;; Tracked objects:
   255 ;;		On entry : 0/0
   256 ;;		On exit  : 0/0
   257 ;;		Unchanged: 0/0
   258 ;; Data sizes:     COMRAM   BANK0   BANK1   BANK2   BANK3   BANK4   BANK5   BANK6   BANK7   BANK8   BANK9  BANK10  BANK1
      +1  BANK12  BANK13  BANK14
   259 ;;      Params:         0       0       0       0       0       0       0       0       0       0       0       0       
      +0       0       0       0
   260 ;;      Locals:         0       0       0       0       0       0       0       0       0       0       0       0       
      +0       0       0       0
   261 ;;      Temps:          0       0       0       0       0       0       0       0       0       0       0       0       
      +0       0       0       0
   262 ;;      Totals:         0       0       0       0       0       0       0       0       0       0       0       0       
      +0       0       0       0
   263 ;;Total ram usage:        0 bytes
   264 ;; Hardware stack levels used: 1
   265 ;; This function calls:
   266 ;;		Nothing
   267 ;; This function is called by:
   268 ;;		_SYSTEM_Initialize
   269 ;; This function uses a non-reentrant model
   270 ;;
   271                           
   272                           	psect	text2
   273  007F9A                     __ptext2:
   274                           	callstack 0
   275  007F9A                     _PIN_MANAGER_Initialize:
   276                           	callstack 29
   277  007F9A                     
   278                           ;mcc_generated_files/pin_manager.c: 60:     LATA = 0x00;
   279  007F9A  0E00               	movlw	0
   280  007F9C  6E89               	movwf	137,c	;volatile
   281                           
   282                           ;mcc_generated_files/pin_manager.c: 61:     LATB = 0x00;
   283  007F9E  0E00               	movlw	0
   284  007FA0  6E8A               	movwf	138,c	;volatile
   285                           
   286                           ;mcc_generated_files/pin_manager.c: 62:     LATC = 0x00;
   287  007FA2  0E00               	movlw	0
   288  007FA4  6E8B               	movwf	139,c	;volatile
   289                           
   290                           ;mcc_generated_files/pin_manager.c: 67:     TRISA = 0xC0;
   291  007FA6  0EC0               	movlw	192
   292  007FA8  6E92               	movwf	146,c	;volatile
   293  007FAA                     
   294                           ;mcc_generated_files/pin_manager.c: 68:     TRISB = 0xFF;
   295  007FAA  6893               	setf	147,c	;volatile
   296                           
   297                           ;mcc_generated_files/pin_manager.c: 69:     TRISC = 0x80;
   298  007FAC  0E80               	movlw	128
   299  007FAE  6E94               	movwf	148,c	;volatile
   300                           
   301                           ;mcc_generated_files/pin_manager.c: 74:     ANCON0 = 0x1F;
   302  007FB0  0E1F               	movlw	31
   303  007FB2  010F               	movlb	15	; () banked
   304  007FB4  6F5D               	movwf	93,b	;volatile
   305                           
   306                           ;mcc_generated_files/pin_manager.c: 75:     ANCON1 = 0x00;
   307  007FB6  0E00               	movlw	0
   308  007FB8  6F5C               	movwf	92,b	;volatile
   309                           
   310                           ;mcc_generated_files/pin_manager.c: 80:     WPUB = 0x00;
   311  007FBA  0E00               	movlw	0
   312  007FBC  6F5B               	movwf	91,b	;volatile
   313  007FBE                     
   314                           ; BSR set to: 15
   315                           ;mcc_generated_files/pin_manager.c: 81:     INTCON2bits.nRBPU = 1;
   316  007FBE  8EF1               	bsf	241,7,c	;volatile
   317  007FC0                     
   318                           ; BSR set to: 15
   319  007FC0  0012               	return		;funcret
   320  007FC2                     __end_of_PIN_MANAGER_Initialize:
   321                           	callstack 0
   322                           
   323 ;; *************** function _OSCILLATOR_Initialize *****************
   324 ;; Defined at:
   325 ;;		line 58 in file "mcc_generated_files/mcc.c"
   326 ;; Parameters:    Size  Location     Type
   327 ;;		None
   328 ;; Auto vars:     Size  Location     Type
   329 ;;		None
   330 ;; Return value:  Size  Location     Type
   331 ;;                  1    wreg      void 
   332 ;; Registers used:
   333 ;;		wreg, status,2
   334 ;; Tracked objects:
   335 ;;		On entry : 0/0
   336 ;;		On exit  : 0/0
   337 ;;		Unchanged: 0/0
   338 ;; Data sizes:     COMRAM   BANK0   BANK1   BANK2   BANK3   BANK4   BANK5   BANK6   BANK7   BANK8   BANK9  BANK10  BANK1
      +1  BANK12  BANK13  BANK14
   339 ;;      Params:         0       0       0       0       0       0       0       0       0       0       0       0       
      +0       0       0       0
   340 ;;      Locals:         0       0       0       0       0       0       0       0       0       0       0       0       
      +0       0       0       0
   341 ;;      Temps:          0       0       0       0       0       0       0       0       0       0       0       0       
      +0       0       0       0
   342 ;;      Totals:         0       0       0       0       0       0       0       0       0       0       0       0       
      +0       0       0       0
   343 ;;Total ram usage:        0 bytes
   344 ;; Hardware stack levels used: 1
   345 ;; This function calls:
   346 ;;		Nothing
   347 ;; This function is called by:
   348 ;;		_SYSTEM_Initialize
   349 ;; This function uses a non-reentrant model
   350 ;;
   351                           
   352                           	psect	text3
   353  007F88                     __ptext3:
   354                           	callstack 0
   355  007F88                     _OSCILLATOR_Initialize:
   356                           	callstack 29
   357  007F88                     
   358                           ;mcc_generated_files/mcc.c: 61:     OSCCON = 0x60;
   359  007F88  0E60               	movlw	96
   360  007F8A  6ED3               	movwf	211,c	;volatile
   361                           
   362                           ;mcc_generated_files/mcc.c: 63:     OSCCON2 = 0x00;
   363  007F8C  0E00               	movlw	0
   364  007F8E  6ED2               	movwf	210,c	;volatile
   365                           
   366                           ;mcc_generated_files/mcc.c: 65:     OSCTUNE = 0x00;
   367  007F90  0E00               	movlw	0
   368  007F92  6E9B               	movwf	155,c	;volatile
   369                           
   370                           ;mcc_generated_files/mcc.c: 67:     REFOCON = 0x00;
   371  007F94  0E00               	movlw	0
   372  007F96  6E9A               	movwf	154,c	;volatile
   373  007F98  0012               	return		;funcret
   374  007F9A                     __end_of_OSCILLATOR_Initialize:
   375                           	callstack 0
   376                           
   377 ;; *************** function _EUSART1_Initialize *****************
   378 ;; Defined at:
   379 ;;		line 66 in file "mcc_generated_files/eusart1.c"
   380 ;; Parameters:    Size  Location     Type
   381 ;;		None
   382 ;; Auto vars:     Size  Location     Type
   383 ;;		None
   384 ;; Return value:  Size  Location     Type
   385 ;;                  1    wreg      void 
   386 ;; Registers used:
   387 ;;		wreg, status,2, status,0, cstack
   388 ;; Tracked objects:
   389 ;;		On entry : 0/0
   390 ;;		On exit  : 0/0
   391 ;;		Unchanged: 0/0
   392 ;; Data sizes:     COMRAM   BANK0   BANK1   BANK2   BANK3   BANK4   BANK5   BANK6   BANK7   BANK8   BANK9  BANK10  BANK1
      +1  BANK12  BANK13  BANK14
   393 ;;      Params:         0       0       0       0       0       0       0       0       0       0       0       0       
      +0       0       0       0
   394 ;;      Locals:         0       0       0       0       0       0       0       0       0       0       0       0       
      +0       0       0       0
   395 ;;      Temps:          0       0       0       0       0       0       0       0       0       0       0       0       
      +0       0       0       0
   396 ;;      Totals:         0       0       0       0       0       0       0       0       0       0       0       0       
      +0       0       0       0
   397 ;;Total ram usage:        0 bytes
   398 ;; Hardware stack levels used: 1
   399 ;; Hardware stack levels required when called: 1
   400 ;; This function calls:
   401 ;;		_EUSART1_SetErrorHandler
   402 ;;		_EUSART1_SetFramingErrorHandler
   403 ;;		_EUSART1_SetOverrunErrorHandler
   404 ;; This function is called by:
   405 ;;		_SYSTEM_Initialize
   406 ;; This function uses a non-reentrant model
   407 ;;
   408                           
   409                           	psect	text4
   410  007FC2                     __ptext4:
   411                           	callstack 0
   412  007FC2                     _EUSART1_Initialize:
   413                           	callstack 28
   414  007FC2                     
   415                           ;mcc_generated_files/eusart1.c: 71:     BAUDCON1 = 0x08;
   416  007FC2  0E08               	movlw	8
   417  007FC4  6EA7               	movwf	167,c	;volatile
   418                           
   419                           ;mcc_generated_files/eusart1.c: 74:     RCSTA1 = 0x90;
   420  007FC6  0E90               	movlw	144
   421  007FC8  6EAB               	movwf	171,c	;volatile
   422                           
   423                           ;mcc_generated_files/eusart1.c: 77:     TXSTA1 = 0x24;
   424  007FCA  0E24               	movlw	36
   425  007FCC  6EAC               	movwf	172,c	;volatile
   426                           
   427                           ;mcc_generated_files/eusart1.c: 80:     SPBRG1 = 0x08;
   428  007FCE  0E08               	movlw	8
   429  007FD0  6EAF               	movwf	175,c	;volatile
   430                           
   431                           ;mcc_generated_files/eusart1.c: 83:     SPBRGH1 = 0x02;
   432  007FD2  0E02               	movlw	2
   433  007FD4  6E7D               	movwf	125,c	;volatile
   434  007FD6                     
   435                           ;mcc_generated_files/eusart1.c: 86:     EUSART1_SetFramingErrorHandler(EUSART1_DefaultFr
      +                          amingErrorHandler);
   436  007FD6  0E00               	movlw	0
   437  007FD8  6E07               	movwf	EUSART1_SetFramingErrorHandler@interruptHandler^0,c
   438  007FDA  0E00               	movlw	0
   439  007FDC  6E08               	movwf	(EUSART1_SetFramingErrorHandler@interruptHandler+1)^0,c
   440  007FDE  ECA7  F03F         	call	_EUSART1_SetFramingErrorHandler	;wreg free
   441  007FE2                     
   442                           ;mcc_generated_files/eusart1.c: 87:     EUSART1_SetOverrunErrorHandler(EUSART1_DefaultOv
      +                          errunErrorHandler);
   443  007FE2  0E00               	movlw	0
   444  007FE4  6E07               	movwf	EUSART1_SetOverrunErrorHandler@interruptHandler^0,c
   445  007FE6  0E00               	movlw	0
   446  007FE8  6E08               	movwf	(EUSART1_SetOverrunErrorHandler@interruptHandler+1)^0,c
   447  007FEA  ECAC  F03F         	call	_EUSART1_SetOverrunErrorHandler	;wreg free
   448  007FEE                     
   449                           ;mcc_generated_files/eusart1.c: 88:     EUSART1_SetErrorHandler(EUSART1_DefaultErrorHand
      +                          ler);
   450  007FEE  0E00               	movlw	0
   451  007FF0  6E07               	movwf	EUSART1_SetErrorHandler@interruptHandler^0,c
   452  007FF2  0E00               	movlw	0
   453  007FF4  6E08               	movwf	(EUSART1_SetErrorHandler@interruptHandler+1)^0,c
   454  007FF6  ECA2  F03F         	call	_EUSART1_SetErrorHandler	;wreg free
   455  007FFA                     
   456                           ;mcc_generated_files/eusart1.c: 90:     eusart1RxLastError.status = 0;
   457  007FFA  0E00               	movlw	0
   458  007FFC  6E09               	movwf	_eusart1RxLastError^0,c	;volatile
   459  007FFE  0012               	return		;funcret
   460  008000                     __end_of_EUSART1_Initialize:
   461                           	callstack 0
   462                           
   463 ;; *************** function _EUSART1_SetOverrunErrorHandler *****************
   464 ;; Defined at:
   465 ;;		line 161 in file "mcc_generated_files/eusart1.c"
   466 ;; Parameters:    Size  Location     Type
   467 ;;  interruptHan    2    0[COMRAM] PTR FTN()void 
   468 ;;		 -> EUSART1_DefaultOverrunErrorHandler(1), 
   469 ;; Auto vars:     Size  Location     Type
   470 ;;		None
   471 ;; Return value:  Size  Location     Type
   472 ;;                  1    wreg      void 
   473 ;; Registers used:
   474 ;;		wreg, status,2, status,0
   475 ;; Tracked objects:
   476 ;;		On entry : 0/0
   477 ;;		On exit  : 0/0
   478 ;;		Unchanged: 0/0
   479 ;; Data sizes:     COMRAM   BANK0   BANK1   BANK2   BANK3   BANK4   BANK5   BANK6   BANK7   BANK8   BANK9  BANK10  BANK1
      +1  BANK12  BANK13  BANK14
   480 ;;      Params:         2       0       0       0       0       0       0       0       0       0       0       0       
      +0       0       0       0
   481 ;;      Locals:         0       0       0       0       0       0       0       0       0       0       0       0       
      +0       0       0       0
   482 ;;      Temps:          0       0       0       0       0       0       0       0       0       0       0       0       
      +0       0       0       0
   483 ;;      Totals:         2       0       0       0       0       0       0       0       0       0       0       0       
      +0       0       0       0
   484 ;;Total ram usage:        2 bytes
   485 ;; Hardware stack levels used: 1
   486 ;; This function calls:
   487 ;;		Nothing
   488 ;; This function is called by:
   489 ;;		_EUSART1_Initialize
   490 ;; This function uses a non-reentrant model
   491 ;;
   492                           
   493                           	psect	text5
   494  007F58                     __ptext5:
   495                           	callstack 0
   496  007F58                     _EUSART1_SetOverrunErrorHandler:
   497                           	callstack 28
   498  007F58                     
   499                           ;mcc_generated_files/eusart1.c: 162:     EUSART1_OverrunErrorHandler = interruptHandler;
   500  007F58  C007  F003         	movff	EUSART1_SetOverrunErrorHandler@interruptHandler,_EUSART1_OverrunErrorHandler
   501  007F5C  C008  F004         	movff	EUSART1_SetOverrunErrorHandler@interruptHandler+1,_EUSART1_OverrunErrorHandler+1
   502  007F60  0012               	return		;funcret
   503  007F62                     __end_of_EUSART1_SetOverrunErrorHandler:
   504                           	callstack 0
   505                           
   506 ;; *************** function _EUSART1_SetFramingErrorHandler *****************
   507 ;; Defined at:
   508 ;;		line 157 in file "mcc_generated_files/eusart1.c"
   509 ;; Parameters:    Size  Location     Type
   510 ;;  interruptHan    2    0[COMRAM] PTR FTN()void 
   511 ;;		 -> EUSART1_DefaultFramingErrorHandler(1), 
   512 ;; Auto vars:     Size  Location     Type
   513 ;;		None
   514 ;; Return value:  Size  Location     Type
   515 ;;                  1    wreg      void 
   516 ;; Registers used:
   517 ;;		wreg, status,2, status,0
   518 ;; Tracked objects:
   519 ;;		On entry : 0/0
   520 ;;		On exit  : 0/0
   521 ;;		Unchanged: 0/0
   522 ;; Data sizes:     COMRAM   BANK0   BANK1   BANK2   BANK3   BANK4   BANK5   BANK6   BANK7   BANK8   BANK9  BANK10  BANK1
      +1  BANK12  BANK13  BANK14
   523 ;;      Params:         2       0       0       0       0       0       0       0       0       0       0       0       
      +0       0       0       0
   524 ;;      Locals:         0       0       0       0       0       0       0       0       0       0       0       0       
      +0       0       0       0
   525 ;;      Temps:          0       0       0       0       0       0       0       0       0       0       0       0       
      +0       0       0       0
   526 ;;      Totals:         2       0       0       0       0       0       0       0       0       0       0       0       
      +0       0       0       0
   527 ;;Total ram usage:        2 bytes
   528 ;; Hardware stack levels used: 1
   529 ;; This function calls:
   530 ;;		Nothing
   531 ;; This function is called by:
   532 ;;		_EUSART1_Initialize
   533 ;; This function uses a non-reentrant model
   534 ;;
   535                           
   536                           	psect	text6
   537  007F4E                     __ptext6:
   538                           	callstack 0
   539  007F4E                     _EUSART1_SetFramingErrorHandler:
   540                           	callstack 28
   541  007F4E                     
   542                           ;mcc_generated_files/eusart1.c: 158:     EUSART1_FramingErrorHandler = interruptHandler;
   543  007F4E  C007  F005         	movff	EUSART1_SetFramingErrorHandler@interruptHandler,_EUSART1_FramingErrorHandler
   544  007F52  C008  F006         	movff	EUSART1_SetFramingErrorHandler@interruptHandler+1,_EUSART1_FramingErrorHandler+1
   545  007F56  0012               	return		;funcret
   546  007F58                     __end_of_EUSART1_SetFramingErrorHandler:
   547                           	callstack 0
   548                           
   549 ;; *************** function _EUSART1_SetErrorHandler *****************
   550 ;; Defined at:
   551 ;;		line 165 in file "mcc_generated_files/eusart1.c"
   552 ;; Parameters:    Size  Location     Type
   553 ;;  interruptHan    2    0[COMRAM] PTR FTN()void 
   554 ;;		 -> EUSART1_DefaultErrorHandler(1), 
   555 ;; Auto vars:     Size  Location     Type
   556 ;;		None
   557 ;; Return value:  Size  Location     Type
   558 ;;                  1    wreg      void 
   559 ;; Registers used:
   560 ;;		wreg, status,2, status,0
   561 ;; Tracked objects:
   562 ;;		On entry : 0/0
   563 ;;		On exit  : 0/0
   564 ;;		Unchanged: 0/0
   565 ;; Data sizes:     COMRAM   BANK0   BANK1   BANK2   BANK3   BANK4   BANK5   BANK6   BANK7   BANK8   BANK9  BANK10  BANK1
      +1  BANK12  BANK13  BANK14
   566 ;;      Params:         2       0       0       0       0       0       0       0       0       0       0       0       
      +0       0       0       0
   567 ;;      Locals:         0       0       0       0       0       0       0       0       0       0       0       0       
      +0       0       0       0
   568 ;;      Temps:          0       0       0       0       0       0       0       0       0       0       0       0       
      +0       0       0       0
   569 ;;      Totals:         2       0       0       0       0       0       0       0       0       0       0       0       
      +0       0       0       0
   570 ;;Total ram usage:        2 bytes
   571 ;; Hardware stack levels used: 1
   572 ;; This function calls:
   573 ;;		Nothing
   574 ;; This function is called by:
   575 ;;		_EUSART1_Initialize
   576 ;; This function uses a non-reentrant model
   577 ;;
   578                           
   579                           	psect	text7
   580  007F44                     __ptext7:
   581                           	callstack 0
   582  007F44                     _EUSART1_SetErrorHandler:
   583                           	callstack 28
   584  007F44                     
   585                           ;mcc_generated_files/eusart1.c: 166:     EUSART1_ErrorHandler = interruptHandler;
   586  007F44  C007  F001         	movff	EUSART1_SetErrorHandler@interruptHandler,_EUSART1_ErrorHandler
   587  007F48  C008  F002         	movff	EUSART1_SetErrorHandler@interruptHandler+1,_EUSART1_ErrorHandler+1
   588  007F4C  0012               	return		;funcret
   589  007F4E                     __end_of_EUSART1_SetErrorHandler:
   590                           	callstack 0
   591  0000                     
   592                           	psect	rparam
   593  0000                     
   594                           	psect	idloc
   595                           
   596                           ;Config register IDLOC0 @ 0x200000
   597                           ;	unspecified, using default values
   598  200000                     	org	2097152
   599  200000  FF                 	db	255
   600                           
   601                           ;Config register IDLOC1 @ 0x200001
   602                           ;	unspecified, using default values
   603  200001                     	org	2097153
   604  200001  FF                 	db	255
   605                           
   606                           ;Config register IDLOC2 @ 0x200002
   607                           ;	unspecified, using default values
   608  200002                     	org	2097154
   609  200002  FF                 	db	255
   610                           
   611                           ;Config register IDLOC3 @ 0x200003
   612                           ;	unspecified, using default values
   613  200003                     	org	2097155
   614  200003  FF                 	db	255
   615                           
   616                           ;Config register IDLOC4 @ 0x200004
   617                           ;	unspecified, using default values
   618  200004                     	org	2097156
   619  200004  FF                 	db	255
   620                           
   621                           ;Config register IDLOC5 @ 0x200005
   622                           ;	unspecified, using default values
   623  200005                     	org	2097157
   624  200005  FF                 	db	255
   625                           
   626                           ;Config register IDLOC6 @ 0x200006
   627                           ;	unspecified, using default values
   628  200006                     	org	2097158
   629  200006  FF                 	db	255
   630                           
   631                           ;Config register IDLOC7 @ 0x200007
   632                           ;	unspecified, using default values
   633  200007                     	org	2097159
   634  200007  FF                 	db	255
   635                           
   636                           	psect	config
   637                           
   638                           ;Config register CONFIG1L @ 0x300000
   639                           ;	VREG Sleep Enable bit
   640                           ;	RETEN = OFF, Ultra low-power regulator is Disabled (Controlled by REGSLP bit)
   641                           ;	LF-INTOSC Low-power Enable bit
   642                           ;	INTOSCSEL = HIGH, LF-INTOSC in High-power mode during Sleep
   643                           ;	SOSC Power Selection and mode Configuration bits
   644                           ;	SOSCSEL = DIG, Digital (SCLKI) mode
   645                           ;	Extended Instruction Set
   646                           ;	XINST = OFF, Disabled
   647  300000                     	org	3145728
   648  300000  15                 	db	21
   649                           
   650                           ;Config register CONFIG1H @ 0x300001
   651                           ;	Oscillator
   652                           ;	FOSC = HS2, HS oscillator (High power, 16 MHz - 25 MHz)
   653                           ;	PLL x4 Enable bit
   654                           ;	PLLCFG = OFF, Disabled
   655                           ;	Fail-Safe Clock Monitor
   656                           ;	FCMEN = OFF, Disabled
   657                           ;	Internal External Oscillator Switch Over Mode
   658                           ;	IESO = OFF, Disabled
   659  300001                     	org	3145729
   660  300001  02                 	db	2
   661                           
   662                           ;Config register CONFIG2L @ 0x300002
   663                           ;	Power Up Timer
   664                           ;	PWRTEN = OFF, Disabled
   665                           ;	Brown Out Detect
   666                           ;	BOREN = SBORDIS, Enabled in hardware, SBOREN disabled
   667                           ;	Brown-out Reset Voltage bits
   668                           ;	BORV = 3, 1.8V
   669                           ;	BORMV Power level
   670                           ;	BORPWR = ZPBORMV, ZPBORMV instead of BORMV is selected
   671  300002                     	org	3145730
   672  300002  7F                 	db	127
   673                           
   674                           ;Config register CONFIG2H @ 0x300003
   675                           ;	Watchdog Timer
   676                           ;	WDTEN = OFF, WDT disabled in hardware; SWDTEN bit disabled
   677                           ;	Watchdog Postscaler
   678                           ;	WDTPS = 1048576, 1:1048576
   679  300003                     	org	3145731
   680  300003  7C                 	db	124
   681                           
   682                           ; Padding undefined space
   683  300004                     	org	3145732
   684  300004  FF                 	db	255
   685                           
   686                           ;Config register CONFIG3H @ 0x300005
   687                           ;	ECAN Mux bit
   688                           ;	CANMX = PORTB, ECAN TX and RX pins are located on RB2 and RB3, respectively
   689                           ;	MSSP address masking
   690                           ;	MSSPMSK = MSK7, 7 Bit address masking mode
   691                           ;	Master Clear Enable
   692                           ;	MCLRE = ON, MCLR Enabled, RE3 Disabled
   693  300005                     	org	3145733
   694  300005  89                 	db	137
   695                           
   696                           ;Config register CONFIG4L @ 0x300006
   697                           ;	Stack Overflow Reset
   698                           ;	STVREN = ON, Enabled
   699                           ;	Boot Block Size
   700                           ;	BBSIZ = BB2K, 2K word Boot Block size
   701  300006                     	org	3145734
   702  300006  91                 	db	145
   703                           
   704                           ; Padding undefined space
   705  300007                     	org	3145735
   706  300007  FF                 	db	255
   707                           
   708                           ;Config register CONFIG5L @ 0x300008
   709                           ;	Code Protect 00800-01FFF
   710                           ;	CP0 = OFF, Disabled
   711                           ;	Code Protect 02000-03FFF
   712                           ;	CP1 = OFF, Disabled
   713                           ;	Code Protect 04000-05FFF
   714                           ;	CP2 = OFF, Disabled
   715                           ;	Code Protect 06000-07FFF
   716                           ;	CP3 = OFF, Disabled
   717  300008                     	org	3145736
   718  300008  0F                 	db	15
   719                           
   720                           ;Config register CONFIG5H @ 0x300009
   721                           ;	Code Protect Boot
   722                           ;	CPB = OFF, Disabled
   723                           ;	Data EE Read Protect
   724                           ;	CPD = OFF, Disabled
   725  300009                     	org	3145737
   726  300009  C0                 	db	192
   727                           
   728                           ;Config register CONFIG6L @ 0x30000A
   729                           ;	Table Write Protect 00800-01FFF
   730                           ;	WRT0 = OFF, Disabled
   731                           ;	Table Write Protect 02000-03FFF
   732                           ;	WRT1 = OFF, Disabled
   733                           ;	Table Write Protect 04000-05FFF
   734                           ;	WRT2 = OFF, Disabled
   735                           ;	Table Write Protect 06000-07FFF
   736                           ;	WRT3 = OFF, Disabled
   737  30000A                     	org	3145738
   738  30000A  0F                 	db	15
   739                           
   740                           ;Config register CONFIG6H @ 0x30000B
   741                           ;	Config. Write Protect
   742                           ;	WRTC = OFF, Disabled
   743                           ;	Table Write Protect Boot
   744                           ;	WRTB = OFF, Disabled
   745                           ;	Data EE Write Protect
   746                           ;	WRTD = OFF, Disabled
   747  30000B                     	org	3145739
   748  30000B  E0                 	db	224
   749                           
   750                           ;Config register CONFIG7L @ 0x30000C
   751                           ;	Table Read Protect 00800-01FFF
   752                           ;	EBTR0 = OFF, Disabled
   753                           ;	Table Read Protect 02000-03FFF
   754                           ;	EBTR1 = OFF, Disabled
   755                           ;	Table Read Protect 04000-05FFF
   756                           ;	EBTR2 = OFF, Disabled
   757                           ;	Table Read Protect 06000-07FFF
   758                           ;	EBTR3 = OFF, Disabled
   759  30000C                     	org	3145740
   760  30000C  0F                 	db	15
   761                           
   762                           ;Config register CONFIG7H @ 0x30000D
   763                           ;	Table Read Protect Boot
   764                           ;	EBTRB = OFF, Disabled
   765  30000D                     	org	3145741
   766  30000D  40                 	db	64
   767                           tosu	equ	0xFFF
   768                           tosh	equ	0xFFE
   769                           tosl	equ	0xFFD
   770                           stkptr	equ	0xFFC
   771                           pclatu	equ	0xFFB
   772                           pclath	equ	0xFFA
   773                           pcl	equ	0xFF9
   774                           tblptru	equ	0xFF8
   775                           tblptrh	equ	0xFF7
   776                           tblptrl	equ	0xFF6
   777                           tablat	equ	0xFF5
   778                           prodh	equ	0xFF4
   779                           prodl	equ	0xFF3
   780                           indf0	equ	0xFEF
   781                           postinc0	equ	0xFEE
   782                           postdec0	equ	0xFED
   783                           preinc0	equ	0xFEC
   784                           plusw0	equ	0xFEB
   785                           fsr0h	equ	0xFEA
   786                           fsr0l	equ	0xFE9
   787                           wreg	equ	0xFE8
   788                           indf1	equ	0xFE7
   789                           postinc1	equ	0xFE6
   790                           postdec1	equ	0xFE5
   791                           preinc1	equ	0xFE4
   792                           plusw1	equ	0xFE3
   793                           fsr1h	equ	0xFE2
   794                           fsr1l	equ	0xFE1
   795                           bsr	equ	0xFE0
   796                           indf2	equ	0xFDF
   797                           postinc2	equ	0xFDE
   798                           postdec2	equ	0xFDD
   799                           preinc2	equ	0xFDC
   800                           plusw2	equ	0xFDB
   801                           fsr2h	equ	0xFDA
   802                           fsr2l	equ	0xFD9
   803                           status	equ	0xFD8

Data Sizes:
    Strings     0
    Constant    0
    Data        0
    BSS         1
    Persistent  6
    Stack       0

Auto Spaces:
    Space          Size  Autos    Used
    COMRAM           95      2       9
    BANK0           160      0       0
    BANK1           256      0       0
    BANK2           256      0       0
    BANK3           256      0       0
    BANK4           256      0       0
    BANK5           256      0       0
    BANK6           256      0       0
    BANK7           256      0       0
    BANK8           256      0       0
    BANK9           256      0       0
    BANK10          256      0       0
    BANK11          256      0       0
    BANK12          256      0       0
    BANK13          256      0       0
    BANK14           65      0       0

Pointer List with Targets:

    EUSART1_SetErrorHandler@interruptHandler	PTR FTN()void  size(2) Largest target is 1
		 -> EUSART1_DefaultErrorHandler(), 

    EUSART1_ErrorHandler	PTR FTN()void  size(2) Largest target is 1
		 -> Absolute function(), EUSART1_DefaultErrorHandler(), 

    EUSART1_SetOverrunErrorHandler@interruptHandler	PTR FTN()void  size(2) Largest target is 1
		 -> EUSART1_DefaultOverrunErrorHandler(), 

    EUSART1_OverrunErrorHandler	PTR FTN()void  size(2) Largest target is 1
		 -> Absolute function(), EUSART1_DefaultOverrunErrorHandler(), 

    EUSART1_SetFramingErrorHandler@interruptHandler	PTR FTN()void  size(2) Largest target is 1
		 -> EUSART1_DefaultFramingErrorHandler(), 

    EUSART1_FramingErrorHandler	PTR FTN()void  size(2) Largest target is 1
		 -> Absolute function(), EUSART1_DefaultFramingErrorHandler(), 


Critical Paths under _main in COMRAM

    _EUSART1_Initialize->_EUSART1_SetErrorHandler
    _EUSART1_Initialize->_EUSART1_SetFramingErrorHandler
    _EUSART1_Initialize->_EUSART1_SetOverrunErrorHandler

Critical Paths under _main in BANK0

    None.

Critical Paths under _main in BANK1

    None.

Critical Paths under _main in BANK2

    None.

Critical Paths under _main in BANK3

    None.

Critical Paths under _main in BANK4

    None.

Critical Paths under _main in BANK5

    None.

Critical Paths under _main in BANK6

    None.

Critical Paths under _main in BANK7

    None.

Critical Paths under _main in BANK8

    None.

Critical Paths under _main in BANK9

    None.

Critical Paths under _main in BANK10

    None.

Critical Paths under _main in BANK11

    None.

Critical Paths under _main in BANK12

    None.

Critical Paths under _main in BANK13

    None.

Critical Paths under _main in BANK14

    None.

Call Graph Tables:

 ---------------------------------------------------------------------------------
 (Depth) Function   	        Calls       Base Space   Used Autos Params    Refs
 ---------------------------------------------------------------------------------
 (0) _main                                                 0     0      0     294
                  _SYSTEM_Initialize
 ---------------------------------------------------------------------------------
 (1) _SYSTEM_Initialize                                    0     0      0     294
                 _EUSART1_Initialize
              _OSCILLATOR_Initialize
             _PIN_MANAGER_Initialize
 ---------------------------------------------------------------------------------
 (2) _PIN_MANAGER_Initialize                               0     0      0       0
 ---------------------------------------------------------------------------------
 (2) _OSCILLATOR_Initialize                                0     0      0       0
 ---------------------------------------------------------------------------------
 (2) _EUSART1_Initialize                                   0     0      0     294
            _EUSART1_SetErrorHandler
     _EUSART1_SetFramingErrorHandler
     _EUSART1_SetOverrunErrorHandler
 ---------------------------------------------------------------------------------
 (3) _EUSART1_SetOverrunErrorHandler                       2     0      2      98
                                              0 COMRAM     2     0      2
 ---------------------------------------------------------------------------------
 (3) _EUSART1_SetFramingErrorHandler                       2     0      2      98
                                              0 COMRAM     2     0      2
 ---------------------------------------------------------------------------------
 (3) _EUSART1_SetErrorHandler                              2     0      2      98
                                              0 COMRAM     2     0      2
 ---------------------------------------------------------------------------------
 Estimated maximum stack depth 3
 ---------------------------------------------------------------------------------

 Call Graph Graphs:

 _main (ROOT)
   _SYSTEM_Initialize
     _EUSART1_Initialize
       _EUSART1_SetErrorHandler
       _EUSART1_SetFramingErrorHandler
       _EUSART1_SetOverrunErrorHandler
     _OSCILLATOR_Initialize
     _PIN_MANAGER_Initialize

 Address spaces:
Name               Size   Autos  Total    Cost      Usage
BIGRAM             E40      0       0      35        0.0%
EEDATA             400      0       0       0        0.0%
BITBANK13          100      0       0      31        0.0%
BANK13             100      0       0      32        0.0%
BITBANK12          100      0       0      29        0.0%
BANK12             100      0       0      30        0.0%
BITBANK11          100      0       0      27        0.0%
BANK11             100      0       0      28        0.0%
BITBANK10          100      0       0      25        0.0%
BANK10             100      0       0      26        0.0%
BITBANK9           100      0       0      23        0.0%
BANK9              100      0       0      24        0.0%
BITBANK8           100      0       0      21        0.0%
BANK8              100      0       0      22        0.0%
BITBANK7           100      0       0      19        0.0%
BANK7              100      0       0      20        0.0%
BITBANK6           100      0       0      17        0.0%
BANK6              100      0       0      18        0.0%
BITBANK5           100      0       0      15        0.0%
BANK5              100      0       0      16        0.0%
BITBANK4           100      0       0      13        0.0%
BANK4              100      0       0      14        0.0%
BITBANK3           100      0       0      11        0.0%
BANK3              100      0       0      12        0.0%
BITBANK2           100      0       0       9        0.0%
BANK2              100      0       0      10        0.0%
BITBANK1           100      0       0       7        0.0%
BANK1              100      0       0       8        0.0%
BITBANK0            A0      0       0       4        0.0%
BANK0               A0      0       0       5        0.0%
BITCOMRAM           5F      0       0       0        0.0%
COMRAM              5F      2       9       1        9.5%
BITBANK14           41      0       0      33        0.0%
BANK14              41      0       0      34        0.0%
BITSFR_2             0      0       0     200        0.0%
SFR_2                0      0       0     200        0.0%
BITSFR_1             0      0       0     200        0.0%
SFR_1                0      0       0     200        0.0%
BITSFR               0      0       0     200        0.0%
SFR                  0      0       0     200        0.0%
STACK                0      0       0       2        0.0%
NULL                 0      0       0       0        0.0%
ABS                  0      0       9       6        0.0%
DATA                 0      0       9       3        0.0%
CODE                 0      0       0       0        0.0%


Microchip Technology PIC18 Macro Assembler V2.32 build 20210201212658 
Symbol Table                                                                                   Mon Jan 31 19:54:58 2022

                                            l25 7FC0                                              l71 7FFE  
                                           l110 7F56                                             l113 7F60  
                                           l116 7F4C                                             l133 7F86  
                                           l143 7F66                                             l136 7F98  
                                           l144 7F66                                             l971 7FBE  
                                           l983 7F88                                             l967 7F9A  
                                           l969 7FAA                                      _TXSTA1bits 000FAC  
                                          l1073 7F4E                                            l1081 7FD6  
                                          l1075 7F58                                            l1083 7FE2  
                                          l1091 7F82                                            l1077 7F44  
                                          l1085 7FEE                                            l1093 7F62  
                                          l1087 7FFA                                            l1079 7FC2  
                                          l1089 7F7A                                            _LATA 000F89  
                                          _LATB 000F8A                                            _LATC 000F8B  
                                          _WPUB 000F5B                                            _main 7F62  
                                          start 0000                                    ___param_bank 000000  
                __size_of_OSCILLATOR_Initialize 0012                   __end_of_OSCILLATOR_Initialize 7F9A  
                                         ?_main 0007                                           _TRISA 000F92  
                                         _TRISB 000F93                                           _TRISC 000F94  
            _EUSART1_DefaultFramingErrorHandler 000000                                 __initialization 7F6E  
                    __end_of_EUSART1_Initialize 8000                                    __end_of_main 7F6E  
                                        ??_main 0009                                   __activetblptr 000002  
                                        _ANCON0 000F5D                                          _ANCON1 000F5C  
                                        _RCREG1 000FAE                                          _RCSTA1 000FAB  
                                        _OSCCON 000FD3                                          _SPBRG1 000FAF  
                                        _TXREG1 000FAD                                          _TXSTA1 000FAC  
                      ?_EUSART1_SetErrorHandler 0007                                          isa$std 000001  
              ??_EUSART1_SetOverrunErrorHandler 0009                 ?_EUSART1_SetOverrunErrorHandler 0007  
                                        tblptru 000FF8                               _SYSTEM_Initialize 7F7A  
                                    __accesstop 0060                         __end_of__initialization 7F70  
                            ?_SYSTEM_Initialize 0007                                   ___rparam_used 000001  
                                __pcstackCOMRAM 0007                             ??_SYSTEM_Initialize 0009  
                     __end_of_SYSTEM_Initialize 7F88                                      __pnvCOMRAM 0001  
               __end_of_EUSART1_SetErrorHandler 7F4E          __end_of_EUSART1_SetFramingErrorHandler 7F58  
       __size_of_EUSART1_SetFramingErrorHandler 000A                  _EUSART1_SetFramingErrorHandler 7F4E  
                                       _REFOCON 000F9A                                         _OSCCON2 000FD2  
                                       _OSCTUNE 000F9B                                         _SPBRGH1 000F7D  
                                       __Hparam 0000                                         __Lparam 0000  
                                       __pcinit 7F6E                                         __ramtop 0F00  
                                       __ptext0 7F62                                         __ptext1 7F7A  
                                       __ptext2 7F9A                                         __ptext3 7F88  
                                       __ptext4 7FC2                                         __ptext5 7F58  
                                       __ptext6 7F4E                                         __ptext7 7F44  
                         _OSCILLATOR_Initialize 7F88                              _EUSART1_Initialize 7FC2  
                      ??_PIN_MANAGER_Initialize 0007                      __size_of_SYSTEM_Initialize 000E  
                          end_of_initialization 7F70                             ?_EUSART1_Initialize 0007  
                                 __Lmediumconst 0000                     _EUSART1_OverrunErrorHandler 0003  
                          ??_EUSART1_Initialize 0009                                       _PORTBbits 000F81  
              __size_of_EUSART1_SetErrorHandler 000A                          ?_OSCILLATOR_Initialize 0007  
                           start_initialization 7F6E                 __size_of_PIN_MANAGER_Initialize 0028  
                                   __pbssCOMRAM 0009                ??_EUSART1_SetFramingErrorHandler 0009  
               ?_EUSART1_SetFramingErrorHandler 0007                          _PIN_MANAGER_Initialize 7F9A  
                                      _BAUDCON1 000FA7              _EUSART1_DefaultOverrunErrorHandler 000000  
                          _EUSART1_ErrorHandler 0001                         _EUSART1_SetErrorHandler 7F44  
                                      _LATAbits 000F89         EUSART1_SetErrorHandler@interruptHandler 0007  
                                      _LATBbits 000F8A                                        _LATCbits 000F8B  
                                      _PIR1bits 000F9E                                     _INTCON2bits 000FF1  
                                      __Hrparam 0000                                        __Lrparam 0000  
                       ??_OSCILLATOR_Initialize 0007                     __size_of_EUSART1_Initialize 003E  
                     ??_EUSART1_SetErrorHandler 0009                     _EUSART1_DefaultErrorHandler 000000  
                                 __size_of_main 000C  EUSART1_SetOverrunErrorHandler@interruptHandler 0007  
                                      isa$xinst 000000                     _EUSART1_FramingErrorHandler 0005  
                                    _INTCONbits 000FF2                         ?_PIN_MANAGER_Initialize 0007  
        __end_of_EUSART1_SetOverrunErrorHandler 7F62         __size_of_EUSART1_SetOverrunErrorHandler 000A  
                _EUSART1_SetOverrunErrorHandler 7F58                                      _RCSTA1bits 000FAB  
EUSART1_SetFramingErrorHandler@interruptHandler 0007                              _eusart1RxLastError 0009  
                __end_of_PIN_MANAGER_Initialize 7FC2  
